Base path: '/Applications/Unity/Hub/Editor/2019.2.7f2/Unity.app/Contents', plugins path '/Applications/Unity/Hub/Editor/2019.2.7f2/PlaybackEngines'
Cmd: initializeCompiler
Cmd: preprocess
  insize=771 outsize=196 ok=1
Cmd: preprocess
  insize=771 outsize=196 ok=1
Cmd: preprocess
  insize=771 outsize=196 ok=1
Cmd: preprocess
  insize=771 outsize=196 ok=1
Cmd: preprocess
  insize=771 outsize=196 ok=1
Cmd: preprocess
  insize=771 outsize=196 ok=1
Cmd: preprocess
  insize=771 outsize=196 ok=1
Cmd: preprocess
  insize=771 outsize=196 ok=1
Cmd: preprocess
  insize=771 outsize=196 ok=1
Cmd: preprocess
  insize=771 outsize=196 ok=1
Cmd: preprocess
  insize=771 outsize=196 ok=1
Cmd: preprocess
  insize=771 outsize=196 ok=1
Cmd: preprocess
  insize=771 outsize=196 ok=1
Cmd: preprocess
  insize=771 outsize=196 ok=1
Cmd: preprocess
  insize=771 outsize=196 ok=1
Cmd: preprocess
  insize=771 outsize=196 ok=1
Cmd: preprocess
  insize=771 outsize=196 ok=1
Cmd: preprocess
  insize=771 outsize=196 ok=1
Cmd: preprocess
  insize=771 outsize=196 ok=1
Cmd: preprocess
  insize=771 outsize=196 ok=1
Cmd: preprocess
  insize=771 outsize=196 ok=1
Cmd: preprocess
  insize=771 outsize=196 ok=1
Cmd: preprocess
  insize=78093 outsize=2109 ok=1
Cmd: preprocess
  insize=5775 outsize=604 ok=1
Cmd: preprocess
  insize=3496 outsize=604 ok=1
Cmd: preprocess
  insize=6066 outsize=603 ok=1
Cmd: preprocess
  insize=6391 outsize=606 ok=1
Cmd: preprocess
  insize=6670 outsize=601 ok=1
Cmd: preprocess
  insize=4035 outsize=608 ok=1
Cmd: preprocess
  insize=5376 outsize=611 ok=1
Cmd: preprocess
  insize=4158 outsize=611 ok=1
Cmd: preprocess
  insize=3502 outsize=605 ok=1
Cmd: preprocess
  insize=3578 outsize=609 ok=1
Cmd: preprocess
  insize=6106 outsize=606 ok=1
Cmd: preprocess
  insize=6775 outsize=601 ok=1
Cmd: preprocess
  insize=3551 outsize=605 ok=1
Cmd: preprocess
  insize=63371 outsize=2105 ok=1
Cmd: preprocess
  insize=59759 outsize=2113 ok=1
Cmd: preprocess
  insize=771 outsize=196 ok=1
Cmd: preprocess
  insize=771 outsize=196 ok=1
Cmd: preprocess
  insize=771 outsize=196 ok=1
Cmd: preprocess
  insize=771 outsize=196 ok=1
Cmd: preprocess
  insize=771 outsize=196 ok=1
Cmd: preprocess
  insize=771 outsize=196 ok=1
Cmd: preprocess
  insize=771 outsize=196 ok=1
Cmd: preprocess
  insize=771 outsize=196 ok=1
Cmd: preprocess
  insize=771 outsize=196 ok=1
Cmd: preprocess
  insize=771 outsize=196 ok=1
Cmd: preprocess
  insize=771 outsize=196 ok=1
Cmd: preprocess
  insize=771 outsize=196 ok=1
Cmd: preprocess
  insize=771 outsize=196 ok=1
Cmd: preprocess
  insize=771 outsize=196 ok=1
Cmd: preprocess
  insize=771 outsize=196 ok=1
Cmd: preprocess
  insize=771 outsize=196 ok=1
Cmd: preprocess
  insize=771 outsize=196 ok=1
Cmd: preprocess
  insize=771 outsize=196 ok=1
Cmd: preprocess
  insize=771 outsize=196 ok=1
Cmd: preprocess
  insize=771 outsize=196 ok=1
Cmd: preprocess
  insize=771 outsize=196 ok=1
Cmd: preprocess
  insize=771 outsize=196 ok=1
Cmd: preprocess
  insize=63371 outsize=2105 ok=1
Cmd: preprocess
  insize=5775 outsize=604 ok=1
Cmd: preprocess
  insize=3496 outsize=604 ok=1
Cmd: preprocess
  insize=6066 outsize=603 ok=1
Cmd: preprocess
  insize=6391 outsize=606 ok=1
Cmd: preprocess
  insize=6670 outsize=601 ok=1
Cmd: preprocess
  insize=4035 outsize=608 ok=1
Cmd: preprocess
  insize=5376 outsize=611 ok=1
Cmd: preprocess
  insize=4158 outsize=611 ok=1
Cmd: preprocess
  insize=3502 outsize=605 ok=1
Cmd: preprocess
  insize=3578 outsize=609 ok=1
Cmd: preprocess
  insize=6106 outsize=606 ok=1
Cmd: preprocess
  insize=6775 outsize=601 ok=1
Cmd: preprocess
  insize=3551 outsize=605 ok=1
Cmd: preprocess
  insize=3502 outsize=605 ok=1
Cmd: preprocess
  insize=4158 outsize=611 ok=1
Cmd: preprocess
  insize=5376 outsize=611 ok=1
Cmd: preprocess
  insize=6106 outsize=606 ok=1
Cmd: preprocess
  insize=6775 outsize=601 ok=1
Cmd: preprocess
  insize=6391 outsize=606 ok=1
Cmd: preprocess
  insize=6670 outsize=601 ok=1
Cmd: preprocess
  insize=63371 outsize=2105 ok=1
Cmd: preprocess
  insize=6066 outsize=603 ok=1
Cmd: preprocess
  insize=5775 outsize=604 ok=1
Cmd: preprocess
  insize=3496 outsize=604 ok=1
Cmd: compileSnippet
  api=14 type=0 insize=14924 outsize=7027 kw=INSTANCING_ON _MIXED_LIGHTING_SUBTRACTIVE pd=UNITY_ENABLE_REFLECTION_BUFFERS UNITY_USE_DITHER_MASK_FOR_ALPHABLENDED_SHADOWS UNITY_PBS_USE_BRDF1 UNITY_SPECCUBE_BOX_PROJECTION UNITY_SPECCUBE_BLENDING UNITY_ENABLE_DETAIL_NORMALMAP SHADER_API_DESKTOP UNITY_LIGHT_PROBE_PROXY_VOLUME UNITY_LIGHTMAP_RGBM_ENCODING ok=1
Cmd: preprocess
  insize=771 outsize=196 ok=1
Cmd: preprocess
  insize=771 outsize=196 ok=1
Cmd: preprocess
  insize=771 outsize=196 ok=1
Cmd: preprocess
  insize=771 outsize=196 ok=1
Cmd: preprocess
  insize=771 outsize=196 ok=1
Cmd: preprocess
  insize=771 outsize=196 ok=1
Cmd: preprocess
  insize=771 outsize=196 ok=1
Cmd: preprocess
  insize=771 outsize=196 ok=1
Cmd: preprocess
  insize=771 outsize=196 ok=1
Cmd: preprocess
  insize=771 outsize=196 ok=1
Cmd: preprocess
  insize=771 outsize=196 ok=1
Cmd: preprocess
  insize=771 outsize=196 ok=1
Cmd: preprocess
  insize=771 outsize=196 ok=1
Cmd: preprocess
  insize=771 outsize=196 ok=1
Cmd: preprocess
  insize=771 outsize=196 ok=1
Cmd: preprocess
  insize=771 outsize=196 ok=1
Cmd: preprocess
  insize=771 outsize=196 ok=1
Cmd: preprocess
  insize=771 outsize=196 ok=1
Cmd: preprocess
  insize=771 outsize=196 ok=1
Cmd: preprocess
  insize=771 outsize=196 ok=1
Cmd: preprocess
  insize=771 outsize=196 ok=1
Cmd: preprocess
  insize=771 outsize=196 ok=1
Cmd: preprocess
  insize=63371 outsize=2105 ok=1
Cmd: preprocess
  insize=5775 outsize=604 ok=1
Cmd: preprocess
  insize=3496 outsize=604 ok=1
Cmd: preprocess
  insize=6066 outsize=603 ok=1
Cmd: preprocess
  insize=6391 outsize=606 ok=1
Cmd: preprocess
  insize=6670 outsize=601 ok=1
Cmd: preprocess
  insize=4035 outsize=608 ok=1
Cmd: preprocess
  insize=5376 outsize=611 ok=1
Cmd: preprocess
  insize=4158 outsize=611 ok=1
Cmd: preprocess
  insize=3502 outsize=605 ok=1
Cmd: preprocess
  insize=3578 outsize=609 ok=1
Cmd: preprocess
  insize=6106 outsize=606 ok=1
Cmd: preprocess
  insize=6775 outsize=601 ok=1
Cmd: preprocess
  insize=3551 outsize=605 ok=1
Cmd: preprocess
  insize=3502 outsize=605 ok=1
Cmd: preprocess
  insize=4158 outsize=611 ok=1
Cmd: preprocess
  insize=5376 outsize=611 ok=1
Cmd: preprocess
  insize=6106 outsize=606 ok=1
Cmd: preprocess
  insize=6775 outsize=601 ok=1
Cmd: preprocess
  insize=6391 outsize=606 ok=1
Cmd: preprocess
  insize=6670 outsize=601 ok=1
Cmd: preprocess
  insize=63371 outsize=2105 ok=1
Cmd: preprocess
  insize=6066 outsize=603 ok=1
Cmd: preprocess
  insize=5775 outsize=604 ok=1
Cmd: preprocess
  insize=3496 outsize=604 ok=1
Cmd: compileSnippet
  api=14 type=0 insize=14924 outsize=7027 kw=INSTANCING_ON pd=UNITY_ENABLE_REFLECTION_BUFFERS UNITY_USE_DITHER_MASK_FOR_ALPHABLENDED_SHADOWS UNITY_PBS_USE_BRDF1 UNITY_SPECCUBE_BOX_PROJECTION UNITY_SPECCUBE_BLENDING UNITY_ENABLE_DETAIL_NORMALMAP SHADER_API_DESKTOP UNITY_LIGHT_PROBE_PROXY_VOLUME UNITY_LIGHTMAP_RGBM_ENCODING ok=1
Cmd: preprocess
  insize=771 outsize=196 ok=1
Cmd: preprocess
  insize=771 outsize=196 ok=1
Cmd: preprocess
  insize=771 outsize=196 ok=1
Cmd: preprocess
  insize=771 outsize=196 ok=1
Cmd: preprocess
  insize=771 outsize=196 ok=1
Cmd: preprocess
  insize=771 outsize=196 ok=1
Cmd: preprocess
  insize=771 outsize=196 ok=1
Cmd: preprocess
  insize=771 outsize=196 ok=1
Cmd: preprocess
  insize=771 outsize=196 ok=1
Cmd: preprocess
  insize=771 outsize=196 ok=1
Cmd: preprocess
  insize=771 outsize=196 ok=1
Cmd: preprocess
  insize=771 outsize=196 ok=1
Cmd: preprocess
  insize=771 outsize=196 ok=1
Cmd: preprocess
  insize=771 outsize=196 ok=1
Cmd: preprocess
  insize=771 outsize=196 ok=1
Cmd: preprocess
  insize=771 outsize=196 ok=1
Cmd: preprocess
  insize=771 outsize=196 ok=1
Cmd: preprocess
  insize=771 outsize=196 ok=1
Cmd: preprocess
  insize=771 outsize=196 ok=1
Cmd: preprocess
  insize=771 outsize=196 ok=1
Cmd: preprocess
  insize=771 outsize=196 ok=1
Cmd: preprocess
  insize=771 outsize=196 ok=1
Cmd: preprocess
  insize=63371 outsize=2105 ok=1
Cmd: preprocess
  insize=5775 outsize=604 ok=1
Cmd: preprocess
  insize=3496 outsize=604 ok=1
Cmd: preprocess
  insize=6066 outsize=603 ok=1
Cmd: preprocess
  insize=6391 outsize=606 ok=1
Cmd: preprocess
  insize=6670 outsize=601 ok=1
Cmd: preprocess
  insize=4035 outsize=608 ok=1
Cmd: preprocess
  insize=5376 outsize=611 ok=1
Cmd: preprocess
  insize=4158 outsize=611 ok=1
Cmd: preprocess
  insize=3502 outsize=605 ok=1
Cmd: preprocess
  insize=3578 outsize=609 ok=1
Cmd: preprocess
  insize=6106 outsize=606 ok=1
Cmd: preprocess
  insize=6775 outsize=601 ok=1
Cmd: preprocess
  insize=3551 outsize=605 ok=1
Cmd: preprocess
  insize=78100 outsize=2116 ok=1
Cmd: preprocess
  insize=73703 outsize=2125 ok=1
Cmd: preprocess
  insize=771 outsize=196 ok=1
Cmd: preprocess
  insize=771 outsize=196 ok=1
Cmd: preprocess
  insize=771 outsize=196 ok=1
Cmd: preprocess
  insize=771 outsize=196 ok=1
Cmd: preprocess
  insize=771 outsize=196 ok=1
Cmd: preprocess
  insize=771 outsize=196 ok=1
Cmd: preprocess
  insize=771 outsize=196 ok=1
Cmd: preprocess
  insize=771 outsize=196 ok=1
Cmd: preprocess
  insize=771 outsize=196 ok=1
Cmd: preprocess
  insize=771 outsize=196 ok=1
Cmd: preprocess
  insize=771 outsize=196 ok=1
Cmd: preprocess
  insize=771 outsize=196 ok=1
Cmd: preprocess
  insize=771 outsize=196 ok=1
Cmd: preprocess
  insize=771 outsize=196 ok=1
Cmd: preprocess
  insize=771 outsize=196 ok=1
Cmd: preprocess
  insize=771 outsize=196 ok=1
Cmd: preprocess
  insize=771 outsize=196 ok=1
Cmd: preprocess
  insize=771 outsize=196 ok=1
Cmd: preprocess
  insize=771 outsize=196 ok=1
Cmd: preprocess
  insize=771 outsize=196 ok=1
Cmd: preprocess
  insize=771 outsize=196 ok=1
Cmd: preprocess
  insize=771 outsize=196 ok=1
Cmd: preprocess
  insize=3558 outsize=612 ok=1
Cmd: preprocess
  insize=6782 outsize=608 ok=1
Cmd: preprocess
  insize=6113 outsize=613 ok=1
Cmd: preprocess
  insize=3585 outsize=616 ok=1
Cmd: preprocess
  insize=3509 outsize=612 ok=1
Cmd: preprocess
  insize=4165 outsize=618 ok=1
Cmd: preprocess
  insize=5383 outsize=618 ok=1
Cmd: preprocess
  insize=4042 outsize=615 ok=1
Cmd: preprocess
  insize=6677 outsize=608 ok=1
Cmd: preprocess
  insize=6398 outsize=613 ok=1
Cmd: preprocess
  insize=6073 outsize=610 ok=1
Cmd: preprocess
  insize=3503 outsize=611 ok=1
Cmd: preprocess
  insize=5782 outsize=611 ok=1
Cmd: preprocess
  insize=78100 outsize=2116 ok=1
Cmd: preprocess
  insize=6677 outsize=608 ok=1
Cmd: preprocess
  insize=78100 outsize=2116 ok=1
Cmd: preprocess
  insize=3503 outsize=611 ok=1
Cmd: preprocess
  insize=5782 outsize=611 ok=1
Cmd: preprocess
  insize=6073 outsize=610 ok=1
Cmd: preprocess
  insize=6398 outsize=613 ok=1
Cmd: preprocess
  insize=3509 outsize=612 ok=1
Cmd: preprocess
  insize=4165 outsize=618 ok=1
Cmd: preprocess
  insize=5383 outsize=618 ok=1
Cmd: preprocess
  insize=6113 outsize=613 ok=1
Cmd: preprocess
  insize=6782 outsize=608 ok=1
Cmd: compileSnippet
  api=14 type=0 insize=17741 outsize=15812 kw=INSTANCING_ON pd=UNITY_ENABLE_REFLECTION_BUFFERS UNITY_USE_DITHER_MASK_FOR_ALPHABLENDED_SHADOWS UNITY_PBS_USE_BRDF1 UNITY_SPECCUBE_BOX_PROJECTION UNITY_SPECCUBE_BLENDING UNITY_ENABLE_DETAIL_NORMALMAP SHADER_API_DESKTOP UNITY_LIGHT_PROBE_PROXY_VOLUME UNITY_LIGHTMAP_RGBM_ENCODING ok=1
Cmd: preprocess
  insize=771 outsize=196 ok=1
Cmd: preprocess
  insize=771 outsize=196 ok=1
Cmd: preprocess
  insize=771 outsize=196 ok=1
Cmd: preprocess
  insize=771 outsize=196 ok=1
Cmd: preprocess
  insize=771 outsize=196 ok=1
Cmd: preprocess
  insize=771 outsize=196 ok=1
Cmd: preprocess
  insize=771 outsize=196 ok=1
Cmd: preprocess
  insize=771 outsize=196 ok=1
Cmd: preprocess
  insize=771 outsize=196 ok=1
Cmd: preprocess
  insize=771 outsize=196 ok=1
Cmd: preprocess
  insize=771 outsize=196 ok=1
Cmd: preprocess
  insize=771 outsize=196 ok=1
Cmd: preprocess
  insize=771 outsize=196 ok=1
Cmd: preprocess
  insize=771 outsize=196 ok=1
Cmd: preprocess
  insize=771 outsize=196 ok=1
Cmd: preprocess
  insize=771 outsize=196 ok=1
Cmd: preprocess
  insize=771 outsize=196 ok=1
Cmd: preprocess
  insize=771 outsize=196 ok=1
Cmd: preprocess
  insize=771 outsize=196 ok=1
Cmd: preprocess
  insize=771 outsize=196 ok=1
Cmd: preprocess
  insize=771 outsize=196 ok=1
Cmd: preprocess
  insize=771 outsize=196 ok=1
Cmd: preprocess
  insize=3558 outsize=612 ok=1
Cmd: preprocess
  insize=6782 outsize=608 ok=1
Cmd: preprocess
  insize=6113 outsize=613 ok=1
Cmd: preprocess
  insize=3585 outsize=616 ok=1
Cmd: preprocess
  insize=3509 outsize=612 ok=1
Cmd: preprocess
  insize=4165 outsize=618 ok=1
Cmd: preprocess
  insize=5383 outsize=618 ok=1
Cmd: preprocess
  insize=4042 outsize=615 ok=1
Cmd: preprocess
  insize=6677 outsize=608 ok=1
Cmd: preprocess
  insize=6398 outsize=613 ok=1
Cmd: preprocess
  insize=6073 outsize=610 ok=1
Cmd: preprocess
  insize=3503 outsize=611 ok=1
Cmd: preprocess
  insize=5782 outsize=611 ok=1
Cmd: preprocess
  insize=78100 outsize=2116 ok=1
Cmd: preprocess
  insize=6677 outsize=608 ok=1
Cmd: preprocess
  insize=78100 outsize=2116 ok=1
Cmd: preprocess
  insize=3503 outsize=611 ok=1
Cmd: preprocess
  insize=5782 outsize=611 ok=1
Cmd: preprocess
  insize=6073 outsize=610 ok=1
Cmd: preprocess
  insize=6398 outsize=613 ok=1
Cmd: preprocess
  insize=3509 outsize=612 ok=1
Cmd: preprocess
  insize=4165 outsize=618 ok=1
Cmd: preprocess
  insize=5383 outsize=618 ok=1
Cmd: preprocess
  insize=6113 outsize=613 ok=1
Cmd: preprocess
  insize=6782 outsize=608 ok=1
Cmd: preprocess
  insize=771 outsize=196 ok=1
Cmd: preprocess
  insize=771 outsize=196 ok=1
Cmd: preprocess
  insize=771 outsize=196 ok=1
Cmd: preprocess
  insize=771 outsize=196 ok=1
Cmd: preprocess
  insize=771 outsize=196 ok=1
Cmd: preprocess
  insize=771 outsize=196 ok=1
Cmd: preprocess
  insize=771 outsize=196 ok=1
Cmd: preprocess
  insize=771 outsize=196 ok=1
Cmd: preprocess
  insize=771 outsize=196 ok=1
Cmd: preprocess
  insize=771 outsize=196 ok=1
Cmd: preprocess
  insize=771 outsize=196 ok=1
Cmd: preprocess
  insize=771 outsize=196 ok=1
Cmd: preprocess
  insize=771 outsize=196 ok=1
Cmd: preprocess
  insize=771 outsize=196 ok=1
Cmd: preprocess
  insize=771 outsize=196 ok=1
Cmd: preprocess
  insize=771 outsize=196 ok=1
Cmd: preprocess
  insize=771 outsize=196 ok=1
Cmd: preprocess
  insize=771 outsize=196 ok=1
Cmd: preprocess
  insize=771 outsize=196 ok=1
Cmd: preprocess
  insize=771 outsize=196 ok=1
Cmd: preprocess
  insize=771 outsize=196 ok=1
Cmd: preprocess
  insize=771 outsize=196 ok=1
Cmd: preprocess
  insize=3558 outsize=612 ok=1
Cmd: preprocess
  insize=6782 outsize=608 ok=1
Cmd: preprocess
  insize=6113 outsize=613 ok=1
Cmd: preprocess
  insize=3585 outsize=616 ok=1
Cmd: preprocess
  insize=3509 outsize=612 ok=1
Cmd: preprocess
  insize=4165 outsize=618 ok=1
Cmd: preprocess
  insize=5383 outsize=618 ok=1
Cmd: preprocess
  insize=4042 outsize=615 ok=1
Cmd: preprocess
  insize=6677 outsize=608 ok=1
Cmd: preprocess
  insize=6398 outsize=613 ok=1
Cmd: preprocess
  insize=6073 outsize=610 ok=1
Cmd: preprocess
  insize=3503 outsize=611 ok=1
Cmd: preprocess
  insize=5782 outsize=611 ok=1
Cmd: preprocess
  insize=78100 outsize=2116 ok=1
Cmd: preprocess
  insize=6677 outsize=608 ok=1
Cmd: preprocess
  insize=78100 outsize=2116 ok=1
Cmd: preprocess
  insize=3503 outsize=611 ok=1
Cmd: preprocess
  insize=5782 outsize=611 ok=1
Cmd: preprocess
  insize=6073 outsize=610 ok=1
Cmd: preprocess
  insize=6398 outsize=613 ok=1
Cmd: preprocess
  insize=3509 outsize=612 ok=1
Cmd: preprocess
  insize=4165 outsize=618 ok=1
Cmd: preprocess
  insize=5383 outsize=618 ok=1
Cmd: preprocess
  insize=6113 outsize=613 ok=1
Cmd: preprocess
  insize=6782 outsize=608 ok=1
Cmd: preprocess
  insize=771 outsize=196 ok=1
Cmd: preprocess
  insize=771 outsize=196 ok=1
Cmd: preprocess
  insize=771 outsize=196 ok=1
Cmd: preprocess
  insize=771 outsize=196 ok=1
Cmd: preprocess
  insize=771 outsize=196 ok=1
Cmd: preprocess
  insize=771 outsize=196 ok=1
Cmd: preprocess
  insize=771 outsize=196 ok=1
Cmd: preprocess
  insize=771 outsize=196 ok=1
Cmd: preprocess
  insize=771 outsize=196 ok=1
Cmd: preprocess
  insize=771 outsize=196 ok=1
Cmd: preprocess
  insize=771 outsize=196 ok=1
Cmd: preprocess
  insize=771 outsize=196 ok=1
Cmd: preprocess
  insize=771 outsize=196 ok=1
Cmd: preprocess
  insize=771 outsize=196 ok=1
Cmd: preprocess
  insize=771 outsize=196 ok=1
Cmd: preprocess
  insize=771 outsize=196 ok=1
Cmd: preprocess
  insize=771 outsize=196 ok=1
Cmd: preprocess
  insize=771 outsize=196 ok=1
Cmd: preprocess
  insize=771 outsize=196 ok=1
Cmd: preprocess
  insize=771 outsize=196 ok=1
Cmd: preprocess
  insize=771 outsize=196 ok=1
Cmd: preprocess
  insize=771 outsize=196 ok=1
Cmd: preprocess
  insize=3558 outsize=612 ok=1
Cmd: preprocess
  insize=6782 outsize=608 ok=1
Cmd: preprocess
  insize=6113 outsize=613 ok=1
Cmd: preprocess
  insize=3585 outsize=616 ok=1
Cmd: preprocess
  insize=3509 outsize=612 ok=1
Cmd: preprocess
  insize=4165 outsize=618 ok=1
Cmd: preprocess
  insize=5383 outsize=618 ok=1
Cmd: preprocess
  insize=4042 outsize=615 ok=1
Cmd: preprocess
  insize=6677 outsize=608 ok=1
Cmd: preprocess
  insize=6398 outsize=613 ok=1
Cmd: preprocess
  insize=6073 outsize=610 ok=1
Cmd: preprocess
  insize=3503 outsize=611 ok=1
Cmd: preprocess
  insize=5782 outsize=611 ok=1
Cmd: preprocess
  insize=78100 outsize=2116 ok=1
Cmd: preprocess
  insize=6677 outsize=608 ok=1
Cmd: preprocess
  insize=78100 outsize=2116 ok=1
Cmd: preprocess
  insize=3503 outsize=611 ok=1
Cmd: preprocess
  insize=5782 outsize=611 ok=1
Cmd: preprocess
  insize=6073 outsize=610 ok=1
Cmd: preprocess
  insize=6398 outsize=613 ok=1
Cmd: preprocess
  insize=3509 outsize=612 ok=1
Cmd: preprocess
  insize=4165 outsize=618 ok=1
Cmd: preprocess
  insize=5383 outsize=618 ok=1
Cmd: preprocess
  insize=6113 outsize=613 ok=1
Cmd: preprocess
  insize=6782 outsize=608 ok=1
Cmd: preprocess
  insize=73703 outsize=2125 ok=1
